nohup: ignoring input and appending output to 'nohup.out'
[CV] svc__C=1, svc__gamma=0.0005 .....................................
[CV] ...................... svc__C=1, svc__gamma=0.0005, total=   0.6s
[CV] svc__C=1, svc__gamma=0.0005 .....................................
[CV] ...................... svc__C=1, svc__gamma=0.0005, total=   0.6s
[CV] svc__C=1, svc__gamma=0.001 ......................................
[CV] ....................... svc__C=1, svc__gamma=0.001, total=   0.6s
[CV] svc__C=1, svc__gamma=0.005 ......................................
[CV] ....................... svc__C=1, svc__gamma=0.005, total=   0.9s
[CV] svc__C=5, svc__gamma=0.0001 .....................................
[CV] ...................... svc__C=5, svc__gamma=0.0001, total=   0.7s
[CV] svc__C=5, svc__gamma=0.0005 .....................................
[CV] ...................... svc__C=5, svc__gamma=0.0005, total=   0.9s
[CV] svc__C=5, svc__gamma=0.005 ......................................
[CV] ....................... svc__C=5, svc__gamma=0.005, total=   0.8s
[CV] svc__C=10, svc__gamma=0.0001 ....................................
[CV] ..................... svc__C=10, svc__gamma=0.0001, total=   0.6s
[CV] svc__C=10, svc__gamma=0.0005 ....................................
[CV] ..................... svc__C=10, svc__gamma=0.0005, total=   0.8s
[CV] svc__C=10, svc__gamma=0.005 .....................................
[CV] ...................... svc__C=10, svc__gamma=0.005, total=   0.9s
[CV] svc__C=50, svc__gamma=0.0001 ....................................
[CV] ..................... svc__C=50, svc__gamma=0.0001, total=   0.9s
[CV] svc__C=50, svc__gamma=0.001 .....................................
[CV] ...................... svc__C=50, svc__gamma=0.001, total=   0.9s
[CV] svc__C=50, svc__gamma=0.005 .....................................
[CV] ...................... svc__C=50, svc__gamma=0.005, total=   0.7s
[CV] svc__C=1, svc__gamma=0.0001 .....................................
[CV] ......... svc__C=1, svc__gamma=0.0001, score=0.396, total=   0.9s
[CV] svc__C=1, svc__gamma=0.0005 .....................................
[CV] ......... svc__C=1, svc__gamma=0.0005, score=0.658, total=   0.9s
[CV] svc__C=1, svc__gamma=0.005 ......................................
[CV] .......... svc__C=1, svc__gamma=0.005, score=0.827, total=   0.9s
[CV] svc__C=5, svc__gamma=0.0001 .....................................
[CV] ......... svc__C=5, svc__gamma=0.0001, score=0.767, total=   0.9s
[CV] svc__C=5, svc__gamma=0.001 ......................................
[CV] .......... svc__C=5, svc__gamma=0.001, score=0.847, total=   0.8s
[CV] svc__C=5, svc__gamma=0.005 ......................................
[CV] .......... svc__C=5, svc__gamma=0.005, score=0.822, total=   0.9s
[CV] svc__C=10, svc__gamma=0.0005 ....................................
[CV] ........ svc__C=10, svc__gamma=0.0005, score=0.798, total=   0.8s
[CV] svc__C=10, svc__gamma=0.001 .....................................
[CV] ......... svc__C=10, svc__gamma=0.001, score=0.842, total=   0.9s
[CV] svc__C=10, svc__gamma=0.005 .....................................
[CV] ......... svc__C=10, svc__gamma=0.005, score=0.817, total=   1.0s
[CV] svc__C=50, svc__gamma=0.0005 ....................................
[CV] ........ svc__C=50, svc__gamma=0.0005, score=0.822, total=   0.9s
[CV] svc__C=50, svc__gamma=0.001 .....................................
[CV] ......... svc__C=50, svc__gamma=0.001, score=0.871, total=   0.5s
[CV] svc__C=1, svc__gamma=0.0001 .....................................
[CV] ...................... svc__C=1, svc__gamma=0.0001, total=   1.0s
[CV] svc__C=1, svc__gamma=0.0005 .....................................
[CV] ...................... svc__C=1, svc__gamma=0.0005, total=   0.9s
[CV] svc__C=1, svc__gamma=0.005 ......................................
[CV] ....................... svc__C=1, svc__gamma=0.005, total=   0.9s
[CV] svc__C=5, svc__gamma=0.0001 .....................................
[CV] ...................... svc__C=5, svc__gamma=0.0001, total=   0.9s
[CV] svc__C=5, svc__gamma=0.0005 .....................................
[CV] ...................... svc__C=5, svc__gamma=0.0005, total=   0.8s
[CV] svc__C=5, svc__gamma=0.005 ......................................
[CV] ....................... svc__C=5, svc__gamma=0.005, total=   0.6s
[CV] svc__C=10, svc__gamma=0.0001 ....................................
[CV] ..................... svc__C=10, svc__gamma=0.0001, total=   0.6s
[CV] svc__C=10, svc__gamma=0.0005 ....................................
[CV] ..................... svc__C=10, svc__gamma=0.0005, total=   0.5s
[CV] svc__C=10, svc__gamma=0.0005 ....................................
[CV] ..................... svc__C=10, svc__gamma=0.0005, total=   0.6s
[CV] svc__C=10, svc__gamma=0.001 .....................................
[CV] ...................... svc__C=10, svc__gamma=0.001, total=   0.6s
[CV] svc__C=10, svc__gamma=0.005 .....................................
[CV] ...................... svc__C=10, svc__gamma=0.005, total=   0.7s
[CV] svc__C=50, svc__gamma=0.0001 ....................................
[CV] ..................... svc__C=50, svc__gamma=0.0001, total=   0.6s
[CV] svc__C=50, svc__gamma=0.0005 ....................................
[CV] ..................... svc__C=50, svc__gamma=0.0005, total=   0.5s
[CV] svc__C=50, svc__gamma=0.001 .....................................
[CV] ...................... svc__C=50, svc__gamma=0.001, total=   0.5s
[CV] svc__C=50, svc__gamma=0.005 .....................................
[CV] ...................... svc__C=50, svc__gamma=0.005, total=   0.6s
[CV] svc__C=1, svc__gamma=0.0001 .....................................
[CV] ...................... svc__C=1, svc__gamma=0.0001, total=   0.9s
[CV] svc__C=1, svc__gamma=0.0005 .....................................
[CV] ...................... svc__C=1, svc__gamma=0.0005, total=   0.6s
[CV] svc__C=1, svc__gamma=0.001 ......................................
[CV] ....................... svc__C=1, svc__gamma=0.001, total=   0.6s
[CV] svc__C=5, svc__gamma=0.0001 .....................................
[CV] ...................... svc__C=5, svc__gamma=0.0001, total=   0.6s
[CV] svc__C=5, svc__gamma=0.0001 .....................................
[CV] ...................... svc__C=5, svc__gamma=0.0001, total=   0.6s
[CV] svc__C=5, svc__gamma=0.0005 .....................................
[CV] ...................... svc__C=5, svc__gamma=0.0005, total=   0.5s
[CV] svc__C=5, svc__gamma=0.001 ......................................
[CV] ....................... svc__C=5, svc__gamma=0.001, total=   0.5s
[CV] svc__C=5, svc__gamma=0.005 ......................................
[CV] ....................... svc__C=5, svc__gamma=0.005, total=   0.6s
[CV] svc__C=10, svc__gamma=0.0001 ....................................
[CV] ..................... svc__C=10, svc__gamma=0.0001, total=   0.7s
[CV] svc__C=10, svc__gamma=0.0005 ....................................
[CV] ..................... svc__C=10, svc__gamma=0.0005, total=   0.8s
[CV] svc__C=10, svc__gamma=0.005 .....................................
[CV] ...................... svc__C=10, svc__gamma=0.005, total=   0.9s
[CV] svc__C=50, svc__gamma=0.0001 ....................................
[CV] ..................... svc__C=50, svc__gamma=0.0001, total=   0.9s
[CV] svc__C=50, svc__gamma=0.0005 ....................................
[CV] ..................... svc__C=50, svc__gamma=0.0005, total=   0.8s
[CV] svc__C=50, svc__gamma=0.005 .....................................
[CV] ...................... svc__C=50, svc__gamma=0.005, total=   0.8s
[CV] svc__C=1, svc__gamma=0.0001 .....................................
[CV] ......... svc__C=1, svc__gamma=0.0001, score=0.104, total=   1.0s
[CV] svc__C=1, svc__gamma=0.001 ......................................
[CV] .......... svc__C=1, svc__gamma=0.001, score=0.823, total=   0.6s
[CV] svc__C=1, svc__gamma=0.001 ......................................
[CV] .......... svc__C=1, svc__gamma=0.001, score=0.782, total=   0.6s
[CV] svc__C=1, svc__gamma=0.005 ......................................
[CV] .......... svc__C=1, svc__gamma=0.005, score=0.807, total=   0.9s
[CV] svc__C=5, svc__gamma=0.0005 .....................................
[CV] ......... svc__C=5, svc__gamma=0.0005, score=0.827, total=   0.9s
[CV] svc__C=5, svc__gamma=0.001 ......................................
[CV] .......... svc__C=5, svc__gamma=0.001, score=0.802, total=   0.8s
[CV] svc__C=10, svc__gamma=0.0001 ....................................
[CV] ........ svc__C=10, svc__gamma=0.0001, score=0.817, total=   0.9s
[CV] svc__C=10, svc__gamma=0.0005 ....................................
[CV] ........ svc__C=10, svc__gamma=0.0005, score=0.807, total=   0.8s
[CV] svc__C=10, svc__gamma=0.005 .....................................
[CV] ......... svc__C=10, svc__gamma=0.005, score=0.793, total=   1.0s
[CV] svc__C=50, svc__gamma=0.0001 ....................................
[CV] ........ svc__C=50, svc__gamma=0.0001, score=0.792, total=   0.9s
[CV] svc__C=50, svc__gamma=0.001 .....................................
[CV] ......... svc__C=50, svc__gamma=0.001, score=0.798, total=   0.9s
[CV] svc__C=50, svc__gamma=0.005 .....................................
[CV] ......... svc__C=50, svc__gamma=0.005, score=0.822, total=   0.7s
[CV] svc__C=1, svc__gamma=0.0001 .....................................
[CV] ...................... svc__C=1, svc__gamma=0.0001, total=   1.0s
[CV] svc__C=1, svc__gamma=0.001 ......................................
[CV] ....................... svc__C=1, svc__gamma=0.001, total=   0.9s
[CV] svc__C=1, svc__gamma=0.005 ......................................
[CV] ....................... svc__C=1, svc__gamma=0.005, total=   0.9s
[CV] svc__C=5, svc__gamma=0.0001 .....................................
[CV] ...................... svc__C=5, svc__gamma=0.0001, total=   0.9s
[CV] svc__C=5, svc__gamma=0.0005 .....................................
[CV] ...................... svc__C=5, svc__gamma=0.0005, total=   0.6s
[CV] svc__C=5, svc__gamma=0.001 ......................................
[CV] ....................... svc__C=5, svc__gamma=0.001, total=   0.6s
[CV] svc__C=5, svc__gamma=0.005 ......................................
[CV] ....................... svc__C=5, svc__gamma=0.005, total=   0.6s
[CV] svc__C=10, svc__gamma=0.0001 ....................................
[CV] ..................... svc__C=10, svc__gamma=0.0001, total=   0.6s
[CV] svc__C=10, svc__gamma=0.0005 ....................................
[CV] ..................... svc__C=10, svc__gamma=0.0005, total=   0.7s
[CV] svc__C=10, svc__gamma=0.001 .....................................
[CV] ...................... svc__C=10, svc__gamma=0.001, total=   0.6s
[CV] svc__C=10, svc__gamma=0.005 .....................................
[CV] ...................... svc__C=10, svc__gamma=0.005, total=   0.8s
[CV] svc__C=50, svc__gamma=0.0001 ....................................
[CV] ..................... svc__C=50, svc__gamma=0.0001, total=   0.7s
[CV] svc__C=50, svc__gamma=0.0005 ....................................
[CV] ..................... svc__C=50, svc__gamma=0.0005, total=   0.5s
[CV] svc__C=50, svc__gamma=0.001 .....................................
[CV] ...................... svc__C=50, svc__gamma=0.001, total=   0.5s
[CV] svc__C=50, svc__gamma=0.005 .....................................
[CV] ...................... svc__C=50, svc__gamma=0.005, total=   0.6s
[CV] svc__C=1, svc__gamma=0.0001 .....................................
[CV] ...................... svc__C=1, svc__gamma=0.0001, total=   1.0s
[CV] svc__C=1, svc__gamma=0.001 ......................................
[CV] ....................... svc__C=1, svc__gamma=0.001, total=   0.9s
[CV] svc__C=1, svc__gamma=0.005 ......................................
[CV] ....................... svc__C=1, svc__gamma=0.005, total=   0.9s
[CV] svc__C=5, svc__gamma=0.0005 .....................................
[CV] ...................... svc__C=5, svc__gamma=0.0005, total=   0.8s
[CV] svc__C=5, svc__gamma=0.001 ......................................
[CV] ....................... svc__C=5, svc__gamma=0.001, total=   0.8s
[CV] svc__C=5, svc__gamma=0.005 ......................................
[CV] ....................... svc__C=5, svc__gamma=0.005, total=   0.8s
[CV] svc__C=10, svc__gamma=0.0005 ....................................
[CV] ..................... svc__C=10, svc__gamma=0.0005, total=   0.5s
[CV] svc__C=10, svc__gamma=0.0005 ....................................
[CV] ..................... svc__C=10, svc__gamma=0.0005, total=   0.5s
[CV] svc__C=10, svc__gamma=0.001 .....................................
[CV] ...................... svc__C=10, svc__gamma=0.001, total=   0.5s
[CV] svc__C=10, svc__gamma=0.005 .....................................
[CV] ...................... svc__C=10, svc__gamma=0.005, total=   0.6s
[CV] svc__C=50, svc__gamma=0.0001 ....................................
[CV] ..................... svc__C=50, svc__gamma=0.0001, total=   0.5s
[CV] svc__C=50, svc__gamma=0.0005 ....................................
[CV] ..................... svc__C=50, svc__gamma=0.0005, total=   0.5s
[CV] svc__C=50, svc__gamma=0.001 .....................................
[CV] ...................... svc__C=50, svc__gamma=0.001, total=   0.5s
[CV] svc__C=50, svc__gamma=0.005 .....................................
[CV] ...................... svc__C=50, svc__gamma=0.005, total=   0.6s
[CV] svc__C=1, svc__gamma=0.0001 .....................................
[CV] ......... svc__C=1, svc__gamma=0.0001, score=0.453, total=   0.9s
[CV] svc__C=1, svc__gamma=0.0005 .....................................
[CV] ......... svc__C=1, svc__gamma=0.0005, score=0.554, total=   0.9s
[CV] svc__C=1, svc__gamma=0.005 ......................................
[CV] .......... svc__C=1, svc__gamma=0.005, score=0.802, total=   0.9s
[CV] svc__C=5, svc__gamma=0.0001 .....................................
[CV] ......... svc__C=5, svc__gamma=0.0001, score=0.579, total=   0.9s
[CV] svc__C=5, svc__gamma=0.001 ......................................
[CV] .......... svc__C=5, svc__gamma=0.001, score=0.803, total=   0.8s
[CV] svc__C=5, svc__gamma=0.005 ......................................
[CV] .......... svc__C=5, svc__gamma=0.005, score=0.832, total=   0.9s
[CV] svc__C=10, svc__gamma=0.0001 ....................................
[CV] ........ svc__C=10, svc__gamma=0.0001, score=0.851, total=   0.9s
[CV] svc__C=10, svc__gamma=0.001 .....................................
[CV] ......... svc__C=10, svc__gamma=0.001, score=0.807, total=   0.9s
[CV] svc__C=50, svc__gamma=0.0001 ....................................
[CV] ........ svc__C=50, svc__gamma=0.0001, score=0.783, total=   0.9s
[CV] svc__C=50, svc__gamma=0.0005 ....................................
[CV] ........ svc__C=50, svc__gamma=0.0005, score=0.822, total=   0.6s
[CV] svc__C=50, svc__gamma=0.001 .....................................
[CV] ......... svc__C=50, svc__gamma=0.001, score=0.832, total=   0.5s
[CV] svc__C=50, svc__gamma=0.005 .....................................
[CV] ......... svc__C=50, svc__gamma=0.005, score=0.832, total=   0.8s
[CV] svc__C=1, svc__gamma=0.0001 .....................................
[CV] ...................... svc__C=1, svc__gamma=0.0001, total=   0.7s
[CV] svc__C=1, svc__gamma=0.0005 .....................................
[CV] ...................... svc__C=1, svc__gamma=0.0005, total=   0.9s
[CV] svc__C=1, svc__gamma=0.001 ......................................
[CV] ....................... svc__C=1, svc__gamma=0.001, total=   0.8s
[CV] svc__C=1, svc__gamma=0.005 ......................................
[CV] ....................... svc__C=1, svc__gamma=0.005, total=   0.9s
[CV] svc__C=5, svc__gamma=0.0005 .....................................
[CV] ...................... svc__C=5, svc__gamma=0.0005, total=   0.9s
[CV] svc__C=5, svc__gamma=0.001 ......................................
[CV] ....................... svc__C=5, svc__gamma=0.001, total=   0.9s
[CV] svc__C=5, svc__gamma=0.005 ......................................
[CV] ....................... svc__C=5, svc__gamma=0.005, total=   0.9s
[CV] svc__C=10, svc__gamma=0.0005 ....................................
[CV] ..................... svc__C=10, svc__gamma=0.0005, total=   0.9s
[CV] svc__C=10, svc__gamma=0.001 .....................................
[CV] ...................... svc__C=10, svc__gamma=0.001, total=   0.9s
[CV] svc__C=50, svc__gamma=0.0001 ....................................
[CV] ..................... svc__C=50, svc__gamma=0.0001, total=   0.9s
[CV] svc__C=50, svc__gamma=0.0005 ....................................
[CV] ..................... svc__C=50, svc__gamma=0.0005, total=   0.9s
[CV] svc__C=50, svc__gamma=0.001 .....................................
[CV] ...................... svc__C=50, svc__gamma=0.001, total=   0.9s
[CV] svc__C=1, svc__gamma=0.0001 .....................................
[CV] ...................... svc__C=1, svc__gamma=0.0001, total=   0.6s
[CV] svc__C=1, svc__gamma=0.0005 .....................................
[CV] ...................... svc__C=1, svc__gamma=0.0005, total=   0.6s
[CV] svc__C=1, svc__gamma=0.001 ......................................
[CV] ....................... svc__C=1, svc__gamma=0.001, total=   0.8s
[CV] svc__C=1, svc__gamma=0.005 ......................................
[CV] ....................... svc__C=1, svc__gamma=0.005, total=   0.5s
[CV] svc__C=5, svc__gamma=0.0001 .....................................
[CV] ...................... svc__C=5, svc__gamma=0.0001, total=   0.9s
[CV] svc__C=5, svc__gamma=0.0005 .....................................
[CV] ...................... svc__C=5, svc__gamma=0.0005, total=   0.8s
[CV] svc__C=5, svc__gamma=0.005 ......................................
[CV] ....................... svc__C=5, svc__gamma=0.005, total=   0.9s
[CV] svc__C=10, svc__gamma=0.0001 ....................................
[CV] ..................... svc__C=10, svc__gamma=0.0001, total=   0.8s
[CV] svc__C=10, svc__gamma=0.001 .....................................
[CV] ...................... svc__C=10, svc__gamma=0.001, total=   0.5s
[CV] svc__C=10, svc__gamma=0.001 .....................................
[CV] ...................... svc__C=10, svc__gamma=0.001, total=   0.5s
[CV] svc__C=10, svc__gamma=0.005 .....................................
[CV] ...................... svc__C=10, svc__gamma=0.005, total=   0.6s
[CV] svc__C=50, svc__gamma=0.0001 ....................................
[CV] ..................... svc__C=50, svc__gamma=0.0001, total=   0.5s
[CV] svc__C=50, svc__gamma=0.0005 ....................................
[CV] ..................... svc__C=50, svc__gamma=0.0005, total=   0.5s
[CV] svc__C=50, svc__gamma=0.001 .....................................
[CV] ...................... svc__C=50, svc__gamma=0.001, total=   0.5s
[CV] svc__C=50, svc__gamma=0.005 .....................................
[CV] ...................... svc__C=50, svc__gamma=0.005, total=   0.6s
[CV] svc__C=50, svc__gamma=0.005 .....................................
[CV] ...................... svc__C=50, svc__gamma=0.005, total=   0.5s
[CV] svc__C=1, svc__gamma=0.0005 .....................................
[CV] ......... svc__C=1, svc__gamma=0.0005, score=0.655, total=   0.7s
[CV] svc__C=1, svc__gamma=0.0005 .....................................
[CV] ......... svc__C=1, svc__gamma=0.0005, score=0.644, total=   0.9s
[CV] svc__C=1, svc__gamma=0.001 ......................................
[CV] .......... svc__C=1, svc__gamma=0.001, score=0.817, total=   0.8s
[CV] svc__C=5, svc__gamma=0.0001 .....................................
[CV] ......... svc__C=5, svc__gamma=0.0001, score=0.709, total=   0.6s
[CV] svc__C=5, svc__gamma=0.0005 .....................................
[CV] ......... svc__C=5, svc__gamma=0.0005, score=0.793, total=   0.5s
[CV] svc__C=5, svc__gamma=0.0005 .....................................
[CV] ......... svc__C=5, svc__gamma=0.0005, score=0.861, total=   0.5s
[CV] svc__C=5, svc__gamma=0.001 ......................................
[CV] .......... svc__C=5, svc__gamma=0.001, score=0.856, total=   0.5s
[CV] svc__C=5, svc__gamma=0.005 ......................................
[CV] .......... svc__C=5, svc__gamma=0.005, score=0.822, total=   0.6s
[CV] svc__C=10, svc__gamma=0.0001 ....................................
[CV] ........ svc__C=10, svc__gamma=0.0001, score=0.792, total=   0.6s
[CV] svc__C=10, svc__gamma=0.0005 ....................................
[CV] ........ svc__C=10, svc__gamma=0.0005, score=0.847, total=   0.5s
[CV] svc__C=10, svc__gamma=0.001 .....................................
[CV] ......... svc__C=10, svc__gamma=0.001, score=0.808, total=   0.5s
[CV] svc__C=10, svc__gamma=0.005 .....................................
[CV] ......... svc__C=10, svc__gamma=0.005, score=0.822, total=   0.6s
[CV] svc__C=10, svc__gamma=0.005 .....................................
[CV] ......... svc__C=10, svc__gamma=0.005, score=0.832, total=   0.6s
[CV] svc__C=50, svc__gamma=0.0001 ....................................
[CV] ........ svc__C=50, svc__gamma=0.0001, score=0.837, total=   0.5s
[CV] svc__C=50, svc__gamma=0.0005 ....................................
[CV] ........ svc__C=50, svc__gamma=0.0005, score=0.847, total=   0.5s
[CV] svc__C=50, svc__gamma=0.001 .....................................
[CV] ......... svc__C=50, svc__gamma=0.001, score=0.797, total=   0.5s
[CV] svc__C=50, svc__gamma=0.005 .....................................
[CV] ......... svc__C=50, svc__gamma=0.005, score=0.817, total=   0.6s
[CV] svc__C=1, svc__gamma=0.0001 .....................................
[CV] ...................... svc__C=1, svc__gamma=0.0001, total=   1.0s
[CV] svc__C=1, svc__gamma=0.0005 .....................................
[CV] ...................... svc__C=1, svc__gamma=0.0005, total=   0.9s
[CV] svc__C=1, svc__gamma=0.001 ......................................
[CV] ....................... svc__C=1, svc__gamma=0.001, total=   0.8s
[CV] svc__C=5, svc__gamma=0.0001 .....................................
[CV] ...................... svc__C=5, svc__gamma=0.0001, total=   0.6s
[CV] svc__C=5, svc__gamma=0.0005 .....................................
[CV] ...................... svc__C=5, svc__gamma=0.0005, total=   0.9s
[CV] svc__C=5, svc__gamma=0.001 ......................................
[CV] ....................... svc__C=5, svc__gamma=0.001, total=   0.9s
[CV] svc__C=10, svc__gamma=0.0001 ....................................
[CV] ..................... svc__C=10, svc__gamma=0.0001, total=   0.9s
[CV] svc__C=10, svc__gamma=0.0005 ....................................
[CV] ..................... svc__C=10, svc__gamma=0.0005, total=   0.9s
[CV] svc__C=10, svc__gamma=0.005 .....................................
[CV] ...................... svc__C=10, svc__gamma=0.005, total=   1.0s
[CV] svc__C=50, svc__gamma=0.0001 ....................................
[CV] ..................... svc__C=50, svc__gamma=0.0001, total=   0.9s
[CV] svc__C=50, svc__gamma=0.0005 ....................................
[CV] ..................... svc__C=50, svc__gamma=0.0005, total=   0.9s
[CV] svc__C=50, svc__gamma=0.005 .....................................
[CV] ...................... svc__C=50, svc__gamma=0.005, total=   0.9s
[CV] svc__C=1, svc__gamma=0.0001 .....................................
[CV] ...................... svc__C=1, svc__gamma=0.0001, total=   0.9s
[CV] svc__C=1, svc__gamma=0.0005 .....................................
[CV] ...................... svc__C=1, svc__gamma=0.0005, total=   0.9s
[CV] svc__C=1, svc__gamma=0.005 ......................................
[CV] ....................... svc__C=1, svc__gamma=0.005, total=   0.8s
[CV] svc__C=5, svc__gamma=0.0001 .....................................
[CV] ...................... svc__C=5, svc__gamma=0.0001, total=   0.7s
[CV] svc__C=5, svc__gamma=0.001 ......................................
[CV] ....................... svc__C=5, svc__gamma=0.001, total=   0.5s
[CV] svc__C=5, svc__gamma=0.001 ......................................
[CV] ....................... svc__C=5, svc__gamma=0.001, total=   0.5s
[CV] svc__C=5, svc__gamma=0.005 ......................................
[CV] ....................... svc__C=5, svc__gamma=0.005, total=   0.7s
[CV] svc__C=10, svc__gamma=0.0001 ....................................
[CV] ..................... svc__C=10, svc__gamma=0.0001, total=   0.9s
[CV] svc__C=10, svc__gamma=0.001 .....................................
[CV] ...................... svc__C=10, svc__gamma=0.001, total=   0.8s
[CV] svc__C=10, svc__gamma=0.005 .....................................
[CV] ...................... svc__C=10, svc__gamma=0.005, total=   0.9s
[CV] svc__C=50, svc__gamma=0.0005 ....................................
[CV] ..................... svc__C=50, svc__gamma=0.0005, total=   0.8s
[CV] svc__C=50, svc__gamma=0.001 .....................................
[CV] ...................... svc__C=50, svc__gamma=0.001, total=   0.8s
[CV] svc__C=1, svc__gamma=0.0001 .....................................
[CV] ......... svc__C=1, svc__gamma=0.0001, score=0.104, total=   1.0s
[CV] svc__C=1, svc__gamma=0.001 ......................................
[CV] .......... svc__C=1, svc__gamma=0.001, score=0.812, total=   0.6s
[CV] svc__C=1, svc__gamma=0.005 ......................................
[CV] .......... svc__C=1, svc__gamma=0.005, score=0.823, total=   0.5s
[CV] svc__C=1, svc__gamma=0.005 ......................................
[CV] .......... svc__C=1, svc__gamma=0.005, score=0.827, total=   0.5s
[CV] svc__C=5, svc__gamma=0.0001 .....................................
[CV] ......... svc__C=5, svc__gamma=0.0001, score=0.693, total=   0.6s
[CV] svc__C=5, svc__gamma=0.0005 .....................................
[CV] ......... svc__C=5, svc__gamma=0.0005, score=0.812, total=   0.8s
[CV] svc__C=5, svc__gamma=0.005 ......................................
[CV] .......... svc__C=5, svc__gamma=0.005, score=0.793, total=   0.6s
[CV] svc__C=10, svc__gamma=0.0001 ....................................
[CV] ........ svc__C=10, svc__gamma=0.0001, score=0.808, total=   0.9s
[CV] svc__C=10, svc__gamma=0.0005 ....................................
[CV] ........ svc__C=10, svc__gamma=0.0005, score=0.822, total=   0.8s
[CV] svc__C=10, svc__gamma=0.001 .....................................
[CV] ......... svc__C=10, svc__gamma=0.001, score=0.861, total=   0.9s
[CV] svc__C=50, svc__gamma=0.0001 ....................................
[CV] ........ svc__C=50, svc__gamma=0.0001, score=0.817, total=   0.9s
[CV] svc__C=50, svc__gamma=0.0005 ....................................
[CV] ........ svc__C=50, svc__gamma=0.0005, score=0.792, total=   0.9s
[CV] svc__C=50, svc__gamma=0.005 .....................................
[CV] ......... svc__C=50, svc__gamma=0.005, score=0.793, total=   0.8s
[CV] svc__C=1, svc__gamma=0.0001 .....................................
[CV] ...................... svc__C=1, svc__gamma=0.0001, total=   1.0s
[CV] svc__C=1, svc__gamma=0.001 ......................................
[CV] ....................... svc__C=1, svc__gamma=0.001, total=   0.9s
[CV] svc__C=1, svc__gamma=0.005 ......................................
[CV] ....................... svc__C=1, svc__gamma=0.005, total=   0.9s
[CV] svc__C=5, svc__gamma=0.0001 .....................................
[CV] ...................... svc__C=5, svc__gamma=0.0001, total=   0.9s
[CV] svc__C=5, svc__gamma=0.001 ......................................
[CV] ....................... svc__C=5, svc__gamma=0.001, total=   0.9s
[CV] svc__C=5, svc__gamma=0.005 ......................................
[CV] ....................... svc__C=5, svc__gamma=0.005, total=   0.9s
[CV] svc__C=10, svc__gamma=0.0001 ....................................
[CV] ..................... svc__C=10, svc__gamma=0.0001, total=   0.9s
[CV] svc__C=10, svc__gamma=0.001 .....................................
[CV] ...................... svc__C=10, svc__gamma=0.001, total=   0.9s
[CV] svc__C=10, svc__gamma=0.005 .....................................
[CV] ...................... svc__C=10, svc__gamma=0.005, total=   1.0s
[CV] svc__C=50, svc__gamma=0.0001 ....................................
[CV] ..................... svc__C=50, svc__gamma=0.0001, total=   0.9s
[CV] svc__C=50, svc__gamma=0.001 .....................................
[CV] ...................... svc__C=50, svc__gamma=0.001, total=   0.9s
[CV] svc__C=50, svc__gamma=0.005 .....................................
[CV] ...................... svc__C=50, svc__gamma=0.005, total=   0.6s
[CV] svc__C=1, svc__gamma=0.0001 .....................................
[CV] ...................... svc__C=1, svc__gamma=0.0001, total=   1.0s
[CV] svc__C=1, svc__gamma=0.001 ......................................
[CV] ....................... svc__C=1, svc__gamma=0.001, total=   0.9s
[CV] svc__C=1, svc__gamma=0.005 ......................................
[CV] ....................... svc__C=1, svc__gamma=0.005, total=   0.9s
[CV] svc__C=5, svc__gamma=0.0005 .....................................
[CV] ...................... svc__C=5, svc__gamma=0.0005, total=   0.8s
[CV] svc__C=5, svc__gamma=0.001 ......................................
[CV] ....................... svc__C=5, svc__gamma=0.001, total=   0.8s
[CV] svc__C=10, svc__gamma=0.0001 ....................................
[CV] ..................... svc__C=10, svc__gamma=0.0001, total=   0.7s
[CV] svc__C=10, svc__gamma=0.0005 ....................................
[CV] ..................... svc__C=10, svc__gamma=0.0005, total=   0.8s
[CV] svc__C=10, svc__gamma=0.001 .....................................
[CV] ...................... svc__C=10, svc__gamma=0.001, total=   0.8s
[CV] svc__C=50, svc__gamma=0.0001 ....................................
[CV] ..................... svc__C=50, svc__gamma=0.0001, total=   0.8s
[CV] svc__C=50, svc__gamma=0.0005 ....................................
[CV] ..................... svc__C=50, svc__gamma=0.0005, total=   0.8s
[CV] svc__C=50, svc__gamma=0.001 .....................................
[CV] ...................... svc__C=50, svc__gamma=0.001, total=   0.8s
[CV] svc__C=1, svc__gamma=0.0001 .....................................
[CV] ......... svc__C=1, svc__gamma=0.0001, score=0.094, total=   0.7s
[CV] svc__C=1, svc__gamma=0.0005 .....................................
[CV] ......... svc__C=1, svc__gamma=0.0005, score=0.653, total=   0.9s
[CV] svc__C=1, svc__gamma=0.001 ......................................
[CV] .......... svc__C=1, svc__gamma=0.001, score=0.837, total=   0.9s
[CV] svc__C=5, svc__gamma=0.0001 .....................................
[CV] ......... svc__C=5, svc__gamma=0.0001, score=0.743, total=   0.8s
[CV] svc__C=5, svc__gamma=0.0005 .....................................
[CV] ......... svc__C=5, svc__gamma=0.0005, score=0.807, total=   0.5s
[CV] svc__C=5, svc__gamma=0.001 ......................................
[CV] .......... svc__C=5, svc__gamma=0.001, score=0.822, total=   0.8s
[CV] svc__C=5, svc__gamma=0.005 ......................................
[CV] .......... svc__C=5, svc__gamma=0.005, score=0.827, total=   0.6s
[CV] svc__C=10, svc__gamma=0.0001 ....................................
[CV] ........ svc__C=10, svc__gamma=0.0001, score=0.827, total=   0.6s
[CV] svc__C=10, svc__gamma=0.0005 ....................................
[CV] ........ svc__C=10, svc__gamma=0.0005, score=0.847, total=   0.5s
[CV] svc__C=10, svc__gamma=0.001 .....................................
[CV] ......... svc__C=10, svc__gamma=0.001, score=0.822, total=   0.5s
[CV] svc__C=10, svc__gamma=0.005 .....................................
[CV] ......... svc__C=10, svc__gamma=0.005, score=0.832, total=   0.6s
[CV] svc__C=50, svc__gamma=0.0001 ....................................
[CV] ........ svc__C=50, svc__gamma=0.0001, score=0.817, total=   0.5s
[CV] svc__C=50, svc__gamma=0.0005 ....................................
[CV] ........ svc__C=50, svc__gamma=0.0005, score=0.793, total=   0.5s
[CV] svc__C=50, svc__gamma=0.001 .....................................
[CV] ......... svc__C=50, svc__gamma=0.001, score=0.822, total=   0.8s
[CV] svc__C=50, svc__gamma=0.005 .....................................
[CV] ......... svc__C=50, svc__gamma=0.005, score=0.832, total=   0.9s
[CV] svc__C=1, svc__gamma=0.0005 .....................................
[CV] ...................... svc__C=1, svc__gamma=0.0005, total=   0.6s
[CV] svc__C=1, svc__gamma=0.0005 .....................................
[CV] ...................... svc__C=1, svc__gamma=0.0005, total=   0.9s
[CV] svc__C=1, svc__gamma=0.001 ......................................
[CV] ....................... svc__C=1, svc__gamma=0.001, total=   0.8s
[CV] svc__C=1, svc__gamma=0.005 ......................................
[CV] ....................... svc__C=1, svc__gamma=0.005, total=   0.5s
[CV] svc__C=5, svc__gamma=0.0001 .....................................
[CV] ...................... svc__C=5, svc__gamma=0.0001, total=   0.6s
[CV] svc__C=5, svc__gamma=0.0005 .....................................
[CV] ...................... svc__C=5, svc__gamma=0.0005, total=   0.6s
[CV] svc__C=5, svc__gamma=0.001 ......................................
[CV] ....................... svc__C=5, svc__gamma=0.001, total=   0.7s
[CV] svc__C=5, svc__gamma=0.005 ......................................
[CV] ....................... svc__C=5, svc__gamma=0.005, total=   0.9s
[CV] svc__C=10, svc__gamma=0.0001 ....................................
[CV] ..................... svc__C=10, svc__gamma=0.0001, total=   0.9s
[CV] svc__C=10, svc__gamma=0.001 .....................................
[CV] ...................... svc__C=10, svc__gamma=0.001, total=   0.9s
[CV] svc__C=10, svc__gamma=0.005 .....................................
[CV] ...................... svc__C=10, svc__gamma=0.005, total=   1.0s
[CV] svc__C=50, svc__gamma=0.0005 ....................................
[CV] ..................... svc__C=50, svc__gamma=0.0005, total=   0.8s
[CV] svc__C=50, svc__gamma=0.001 .....................................
[CV] ...................... svc__C=50, svc__gamma=0.001, total=   0.9s
[CV] svc__C=50, svc__gamma=0.005 .....................................
[CV] ...................... svc__C=50, svc__gamma=0.005, total=   0.6s
